# JRE version: Java(TM) SE Runtime Environment (17.0.10+11) (build 17.0.10+11-LTS-240)
# Java VM: Java HotSpot(TM) 64-Bit Server VM (17.0.10+11-LTS-240, mixed mode, sharing, tiered, compressed oops, compressed class ptrs, g1 gc, windows-amd64)
GC Precious Log:
 CPUs: 4 total, 4 available
 Memory: 7886M
 Large Page Support: Disabled
 NUMA Support: Disabled
 Compressed Oops: Enabled (32-bit)
 Heap Region Size: 1M
 Heap Min Capacity: 8M
 Heap Initial Capacity: 124M
 Heap Max Capacity: 1972M
 Pre-touch: Disabled
 Parallel Workers: 4
 Concurrent Workers: 1
 Concurrent Refinement Workers: 4
 Periodic GC: Disabled
Heap:
 garbage-first heap   total 106496K, used 49664K [0x0000000084c00000, 0x0000000100000000)
  region size 1024K, 6 young (6144K), 1 survivors (1024K)
 Metaspace       used 26459K, committed 26816K, reserved 1114112K
  class space    used 3018K, committed 3200K, reserved 1048576K
GC Heap History (16 events):
Event: 7.483 GC heap before
{Heap before GC invocations=0 (full 0):
 garbage-first heap   total 126976K, used 13312K [0x0000000084c00000, 0x0000000100000000)
  region size 1024K, 13 young (13312K), 0 survivors (0K)
 Metaspace       used 3793K, committed 3968K, reserved 1114112K
  class space    used 407K, committed 512K, reserved 1048576K
}
Event: 7.493 GC heap after
{Heap after GC invocations=1 (full 0):
 garbage-first heap   total 126976K, used 3256K [0x0000000084c00000, 0x0000000100000000)
  region size 1024K, 2 young (2048K), 2 survivors (2048K)
 Metaspace       used 3793K, committed 3968K, reserved 1114112K
  class space    used 407K, committed 512K, reserved 1048576K
}
Event: 8.776 GC heap before
{Heap before GC invocations=1 (full 0):
 garbage-first heap   total 126976K, used 15544K [0x0000000084c00000, 0x0000000100000000)
  region size 1024K, 14 young (14336K), 2 survivors (2048K)
 Metaspace       used 5637K, committed 5824K, reserved 1114112K
  class space    used 680K, committed 768K, reserved 1048576K
}
Event: 8.781 GC heap after
{Heap after GC invocations=2 (full 0):
 garbage-first heap   total 126976K, used 3925K [0x0000000084c00000, 0x0000000100000000)
  region size 1024K, 1 young (1024K), 1 survivors (1024K)
 Metaspace       used 5637K, committed 5824K, reserved 1114112K
  class space    used 680K, committed 768K, reserved 1048576K
}
Event: 13.201 GC heap before
{Heap before GC invocations=2 (full 0):
 garbage-first heap   total 126976K, used 33621K [0x0000000084c00000, 0x0000000100000000)
  region size 1024K, 30 young (30720K), 1 survivors (1024K)
 Metaspace       used 10357K, committed 10560K, reserved 1114112K
  class space    used 1260K, committed 1344K, reserved 1048576K
}
Event: 13.213 GC heap after
{Heap after GC invocations=3 (full 0):
 garbage-first heap   total 126976K, used 5679K [0x0000000084c00000, 0x0000000100000000)
  region size 1024K, 3 young (3072K), 3 survivors (3072K)
 Metaspace       used 10357K, committed 10560K, reserved 1114112K
  class space    used 1260K, committed 1344K, reserved 1048576K
}
Event: 40.597 GC heap before
{Heap before GC invocations=3 (full 0):
 garbage-first heap   total 126976K, used 78383K [0x0000000084c00000, 0x0000000100000000)
  region size 1024K, 74 young (75776K), 3 survivors (3072K)
 Metaspace       used 15632K, committed 15808K, reserved 1114112K
  class space    used 1839K, committed 1920K, reserved 1048576K
}
Event: 40.702 GC heap after
{Heap after GC invocations=4 (full 0):
 garbage-first heap   total 126976K, used 13430K [0x0000000084c00000, 0x0000000100000000)
  region size 1024K, 10 young (10240K), 10 survivors (10240K)
 Metaspace       used 15632K, committed 15808K, reserved 1114112K
  class space    used 1839K, committed 1920K, reserved 1048576K
}
Event: 68.797 GC heap before
{Heap before GC invocations=4 (full 0):
 garbage-first heap   total 126976K, used 78966K [0x0000000084c00000, 0x0000000100000000)
  region size 1024K, 74 young (75776K), 10 survivors (10240K)
 Metaspace       used 17371K, committed 17728K, reserved 1114112K
  class space    used 1981K, committed 2176K, reserved 1048576K
}
Event: 68.864 GC heap after
{Heap after GC invocations=5 (full 0):
 garbage-first heap   total 126976K, used 18962K [0x0000000084c00000, 0x0000000100000000)
  region size 1024K, 7 young (7168K), 7 survivors (7168K)
 Metaspace       used 17371K, committed 17728K, reserved 1114112K
  class space    used 1981K, committed 2176K, reserved 1048576K
}
Event: 78.364 GC heap before
{Heap before GC invocations=5 (full 0):
 garbage-first heap   total 126976K, used 47634K [0x0000000084c00000, 0x0000000100000000)
  region size 1024K, 31 young (31744K), 7 survivors (7168K)
 Metaspace       used 21200K, committed 21504K, reserved 1114112K
  class space    used 2462K, committed 2624K, reserved 1048576K
}
Event: 78.393 GC heap after
{Heap after GC invocations=6 (full 0):
 garbage-first heap   total 126976K, used 28160K [0x0000000084c00000, 0x0000000100000000)
  region size 1024K, 5 young (5120K), 5 survivors (5120K)
 Metaspace       used 21200K, committed 21504K, reserved 1114112K
  class space    used 2462K, committed 2624K, reserved 1048576K
}
Event: 111.742 GC heap before
{Heap before GC invocations=7 (full 0):
 garbage-first heap   total 99328K, used 82432K [0x0000000084c00000, 0x0000000100000000)
  region size 1024K, 57 young (58368K), 5 survivors (5120K)
 Metaspace       used 26330K, committed 26688K, reserved 1114112K
  class space    used 3017K, committed 3200K, reserved 1048576K
}
Event: 111.779 GC heap after
{Heap after GC invocations=8 (full 0):
 garbage-first heap   total 106496K, used 44032K [0x0000000084c00000, 0x0000000100000000)
  region size 1024K, 8 young (8192K), 8 survivors (8192K)
 Metaspace       used 26330K, committed 26688K, reserved 1114112K
  class space    used 3017K, committed 3200K, reserved 1048576K
}
Event: 111.847 GC heap before
{Heap before GC invocations=8 (full 0):
 garbage-first heap   total 106496K, used 45056K [0x0000000084c00000, 0x0000000100000000)
  region size 1024K, 9 young (9216K), 8 survivors (8192K)
 Metaspace       used 26336K, committed 26688K, reserved 1114112K
  class space    used 3018K, committed 3200K, reserved 1048576K
}
Event: 111.860 GC heap after
{Heap after GC invocations=9 (full 0):
 garbage-first heap   total 106496K, used 45568K [0x0000000084c00000, 0x0000000100000000)
  region size 1024K, 1 young (1024K), 1 survivors (1024K)
 Metaspace       used 26336K, committed 26688K, reserved 1114112K
  class space    used 3018K, committed 3200K, reserved 1048576K
}

